<?xml version="1.0" encoding="UTF-8"?>
<!-- Generated by org.testng.reporters.JUnitXMLReporter -->
<testsuite ignored="0" hostname="DESKTOP-GT53KVG" failures="0" tests="15" name="Test" time="196.248" errors="0" timestamp="2021-11-14T11:18:48 IST">
  <testcase classname="academy.practiceproject.MainPage" name="byDefaultSelectedRadioButton" time="0.15"/>
  <testcase classname="academy.practiceproject.MainPage" name="checkMultiSelectOption" time="0.096"/>
  <testcase classname="academy.practiceproject.MainPage" name="countRadioButtonNumber" time="0.047"/>
  <testcase classname="academy.practiceproject.MainPage" name="dropDownOptions" time="0.075"/>
  <testcase classname="academy.practiceproject.MainPage" name="dropdownText" time="0.083"/>
  <testcase classname="academy.practiceproject.MainPage" name="pageTitleVerifyTest" time="0.01"/>
  <testcase classname="academy.practiceproject.MainPage" name="selectBMWRadionButton" time="0.148"/>
  <testcase classname="academy.practiceproject.MainPage" name="selectBenz" time="0.102"/>
  <testcase classname="academy.practiceproject.MainPage" name="selectBenzRadionButton" time="0.139"/>
  <testcase classname="academy.practiceproject.MainPage" name="selectBmw" time="0.097"/>
  <testcase classname="academy.practiceproject.MainPage" name="selectEachOption" time="0.249"/>
  <testcase classname="academy.practiceproject.MainPage" name="selectHondaRadionButton" time="0.134"/>
  <testcase classname="academy.practiceproject.MainPage" name="selecthonda" time="0.096"/>
  <testcase classname="academy.practiceproject.MainPage" name="verifyRadioButtonLabels" time="0.107"/>
  <testcase classname="academy.practiceproject.MainPage" name="verifyUrl" time="0.008"/>
</testsuite> <!-- Test -->
