<?xml version="1.0" encoding="UTF-8"?>
<!-- Generated by org.testng.reporters.JUnitXMLReporter -->
<testsuite ignored="0" hostname="DESKTOP-GT53KVG" failures="0" tests="21" name="Test" time="17.323" errors="0" timestamp="2021-11-17T18:39:26 IST">
  <testcase classname="academy.practiceproject.MainPage" name="byDefaultSelectedRadioButton" time="0.207"/>
  <testcase classname="academy.practiceproject.MainPage" name="checkMultiSelectOption" time="0.096"/>
  <testcase classname="academy.practiceproject.MainPage" name="checkallCheckbox" time="0.335"/>
  <testcase classname="academy.practiceproject.MainPage" name="countRadioButtonNumber" time="0.043"/>
  <testcase classname="academy.practiceproject.MainPage" name="dropDownOptions" time="0.069"/>
  <testcase classname="academy.practiceproject.MainPage" name="dropdownText" time="0.078"/>
  <testcase classname="academy.practiceproject.MainPage" name="getcheckboxCount" time="0.021"/>
  <testcase classname="academy.practiceproject.MainPage" name="pageTitleVerifyTest" time="0.009"/>
  <testcase classname="academy.practiceproject.MainPage" name="selectAllOption" time="0.874"/>
  <testcase classname="academy.practiceproject.MainPage" name="selectBMWRadionButton" time="0.165"/>
  <testcase classname="academy.practiceproject.MainPage" name="selectBenz" time="0.127"/>
  <testcase classname="academy.practiceproject.MainPage" name="selectBenzRadionButton" time="0.142"/>
  <testcase classname="academy.practiceproject.MainPage" name="selectBmw" time="0.113"/>
  <testcase classname="academy.practiceproject.MainPage" name="selectEachOption" time="0.653"/>
  <testcase classname="academy.practiceproject.MainPage" name="selectHondaRadionButton" time="0.147"/>
  <testcase classname="academy.practiceproject.MainPage" name="selecthonda" time="0.112"/>
  <testcase classname="academy.practiceproject.MainPage" name="switchToAlert" time="0.362"/>
  <testcase classname="academy.practiceproject.MainPage" name="uncheckAllCheckbox" time="0.3"/>
  <testcase classname="academy.practiceproject.MainPage" name="verifyRadioButtonLabels" time="0.124"/>
  <testcase classname="academy.practiceproject.MainPage" name="verifyUrl" time="0.008"/>
  <testcase classname="academy.practiceproject.MainPage" name="zcloseOpenedTab" time="0.202"/>
</testsuite> <!-- Test -->
