<?xml version="1.0" encoding="UTF-8"?>
<testng-results ignored="0" total="15" passed="15" failed="0" skipped="0">
  <reporter-output>
  </reporter-output>
  <suite started-at="2021-11-14T11:15:32 IST" name="Suite" finished-at="2021-11-14T11:18:48 IST" duration-ms="196248">
    <groups>
    </groups>
    <test started-at="2021-11-14T11:15:32 IST" name="Test" finished-at="2021-11-14T11:18:48 IST" duration-ms="196248">
      <class name="academy.practiceproject.MainPage">
        <test-method is-config="true" signature="beforeTest()[pri:0, instance:academy.practiceproject.MainPage@fa49800]" started-at="2021-11-14T11:15:32 IST" name="beforeTest" finished-at="2021-11-14T11:18:42 IST" duration-ms="190450" status="PASS">
          <reporter-output>
          </reporter-output>
        </test-method> <!-- beforeTest -->
        <test-method signature="byDefaultSelectedRadioButton()[pri:0, instance:academy.practiceproject.MainPage@fa49800]" started-at="2021-11-14T11:18:42 IST" name="byDefaultSelectedRadioButton" finished-at="2021-11-14T11:18:42 IST" duration-ms="150" status="PASS">
          <reporter-output>
          </reporter-output>
        </test-method> <!-- byDefaultSelectedRadioButton -->
        <test-method signature="checkMultiSelectOption()[pri:0, instance:academy.practiceproject.MainPage@fa49800]" started-at="2021-11-14T11:18:42 IST" name="checkMultiSelectOption" finished-at="2021-11-14T11:18:42 IST" duration-ms="96" status="PASS">
          <reporter-output>
          </reporter-output>
        </test-method> <!-- checkMultiSelectOption -->
        <test-method signature="countRadioButtonNumber()[pri:0, instance:academy.practiceproject.MainPage@fa49800]" started-at="2021-11-14T11:18:42 IST" name="countRadioButtonNumber" finished-at="2021-11-14T11:18:42 IST" duration-ms="47" status="PASS">
          <reporter-output>
          </reporter-output>
        </test-method> <!-- countRadioButtonNumber -->
        <test-method signature="dropDownOptions()[pri:0, instance:academy.practiceproject.MainPage@fa49800]" started-at="2021-11-14T11:18:42 IST" name="dropDownOptions" finished-at="2021-11-14T11:18:43 IST" duration-ms="75" status="PASS">
          <reporter-output>
          </reporter-output>
        </test-method> <!-- dropDownOptions -->
        <test-method signature="dropdownText()[pri:0, instance:academy.practiceproject.MainPage@fa49800]" started-at="2021-11-14T11:18:43 IST" name="dropdownText" finished-at="2021-11-14T11:18:43 IST" duration-ms="83" status="PASS">
          <reporter-output>
          </reporter-output>
        </test-method> <!-- dropdownText -->
        <test-method signature="pageTitleVerifyTest()[pri:0, instance:academy.practiceproject.MainPage@fa49800]" started-at="2021-11-14T11:18:43 IST" name="pageTitleVerifyTest" finished-at="2021-11-14T11:18:43 IST" duration-ms="10" status="PASS">
          <reporter-output>
          </reporter-output>
        </test-method> <!-- pageTitleVerifyTest -->
        <test-method signature="selectBMWRadionButton()[pri:0, instance:academy.practiceproject.MainPage@fa49800]" started-at="2021-11-14T11:18:43 IST" name="selectBMWRadionButton" finished-at="2021-11-14T11:18:43 IST" duration-ms="148" status="PASS">
          <reporter-output>
          </reporter-output>
        </test-method> <!-- selectBMWRadionButton -->
        <test-method signature="selectBenz()[pri:0, instance:academy.practiceproject.MainPage@fa49800]" started-at="2021-11-14T11:18:43 IST" name="selectBenz" finished-at="2021-11-14T11:18:43 IST" duration-ms="102" status="PASS">
          <reporter-output>
          </reporter-output>
        </test-method> <!-- selectBenz -->
        <test-method signature="selectBenzRadionButton()[pri:0, instance:academy.practiceproject.MainPage@fa49800]" started-at="2021-11-14T11:18:43 IST" name="selectBenzRadionButton" finished-at="2021-11-14T11:18:43 IST" duration-ms="139" status="PASS">
          <reporter-output>
          </reporter-output>
        </test-method> <!-- selectBenzRadionButton -->
        <test-method signature="selectBmw()[pri:0, instance:academy.practiceproject.MainPage@fa49800]" started-at="2021-11-14T11:18:43 IST" name="selectBmw" finished-at="2021-11-14T11:18:43 IST" duration-ms="97" status="PASS">
          <reporter-output>
          </reporter-output>
        </test-method> <!-- selectBmw -->
        <test-method signature="selectEachOption()[pri:0, instance:academy.practiceproject.MainPage@fa49800]" started-at="2021-11-14T11:18:43 IST" name="selectEachOption" finished-at="2021-11-14T11:18:43 IST" duration-ms="249" status="PASS">
          <reporter-output>
          </reporter-output>
        </test-method> <!-- selectEachOption -->
        <test-method signature="selectHondaRadionButton()[pri:0, instance:academy.practiceproject.MainPage@fa49800]" started-at="2021-11-14T11:18:43 IST" name="selectHondaRadionButton" finished-at="2021-11-14T11:18:44 IST" duration-ms="134" status="PASS">
          <reporter-output>
          </reporter-output>
        </test-method> <!-- selectHondaRadionButton -->
        <test-method signature="selecthonda()[pri:0, instance:academy.practiceproject.MainPage@fa49800]" started-at="2021-11-14T11:18:44 IST" name="selecthonda" finished-at="2021-11-14T11:18:44 IST" duration-ms="96" status="PASS">
          <reporter-output>
          </reporter-output>
        </test-method> <!-- selecthonda -->
        <test-method signature="verifyRadioButtonLabels()[pri:0, instance:academy.practiceproject.MainPage@fa49800]" started-at="2021-11-14T11:18:44 IST" name="verifyRadioButtonLabels" finished-at="2021-11-14T11:18:44 IST" duration-ms="107" status="PASS">
          <reporter-output>
          </reporter-output>
        </test-method> <!-- verifyRadioButtonLabels -->
        <test-method signature="verifyUrl()[pri:0, instance:academy.practiceproject.MainPage@fa49800]" started-at="2021-11-14T11:18:44 IST" name="verifyUrl" finished-at="2021-11-14T11:18:44 IST" duration-ms="8" status="PASS">
          <reporter-output>
          </reporter-output>
        </test-method> <!-- verifyUrl -->
        <test-method is-config="true" signature="close()[pri:0, instance:academy.practiceproject.MainPage@fa49800]" started-at="2021-11-14T11:18:44 IST" name="close" finished-at="2021-11-14T11:18:48 IST" duration-ms="4166" status="PASS">
          <reporter-output>
          </reporter-output>
        </test-method> <!-- close -->
      </class> <!-- academy.practiceproject.MainPage -->
    </test> <!-- Test -->
  </suite> <!-- Suite -->
</testng-results>
