<?xml version="1.0" encoding="UTF-8"?>
<testng-results ignored="0" total="21" passed="21" failed="0" skipped="0">
  <reporter-output>
  </reporter-output>
  <suite started-at="2021-11-17T18:39:09 IST" name="Suite" finished-at="2021-11-17T18:39:26 IST" duration-ms="17323">
    <groups>
    </groups>
    <test started-at="2021-11-17T18:39:09 IST" name="Test" finished-at="2021-11-17T18:39:26 IST" duration-ms="17323">
      <class name="academy.practiceproject.MainPage">
        <test-method is-config="true" signature="beforeTest()[pri:0, instance:academy.practiceproject.MainPage@bd4dc25]" started-at="2021-11-17T18:39:09 IST" name="beforeTest" finished-at="2021-11-17T18:39:22 IST" duration-ms="12968" status="PASS">
          <reporter-output>
          </reporter-output>
        </test-method> <!-- beforeTest -->
        <test-method signature="byDefaultSelectedRadioButton()[pri:0, instance:academy.practiceproject.MainPage@bd4dc25]" started-at="2021-11-17T18:39:22 IST" name="byDefaultSelectedRadioButton" finished-at="2021-11-17T18:39:22 IST" duration-ms="207" status="PASS">
          <reporter-output>
          </reporter-output>
        </test-method> <!-- byDefaultSelectedRadioButton -->
        <test-method signature="checkMultiSelectOption()[pri:0, instance:academy.practiceproject.MainPage@bd4dc25]" started-at="2021-11-17T18:39:22 IST" name="checkMultiSelectOption" finished-at="2021-11-17T18:39:22 IST" duration-ms="96" status="PASS">
          <reporter-output>
          </reporter-output>
        </test-method> <!-- checkMultiSelectOption -->
        <test-method signature="checkallCheckbox()[pri:0, instance:academy.practiceproject.MainPage@bd4dc25]" started-at="2021-11-17T18:39:22 IST" name="checkallCheckbox" finished-at="2021-11-17T18:39:23 IST" duration-ms="335" status="PASS">
          <reporter-output>
          </reporter-output>
        </test-method> <!-- checkallCheckbox -->
        <test-method signature="countRadioButtonNumber()[pri:0, instance:academy.practiceproject.MainPage@bd4dc25]" started-at="2021-11-17T18:39:23 IST" name="countRadioButtonNumber" finished-at="2021-11-17T18:39:23 IST" duration-ms="43" status="PASS">
          <reporter-output>
          </reporter-output>
        </test-method> <!-- countRadioButtonNumber -->
        <test-method signature="dropDownOptions()[pri:0, instance:academy.practiceproject.MainPage@bd4dc25]" started-at="2021-11-17T18:39:23 IST" name="dropDownOptions" finished-at="2021-11-17T18:39:23 IST" duration-ms="69" status="PASS">
          <reporter-output>
          </reporter-output>
        </test-method> <!-- dropDownOptions -->
        <test-method signature="dropdownText()[pri:0, instance:academy.practiceproject.MainPage@bd4dc25]" started-at="2021-11-17T18:39:23 IST" name="dropdownText" finished-at="2021-11-17T18:39:23 IST" duration-ms="78" status="PASS">
          <reporter-output>
          </reporter-output>
        </test-method> <!-- dropdownText -->
        <test-method signature="getcheckboxCount()[pri:0, instance:academy.practiceproject.MainPage@bd4dc25]" started-at="2021-11-17T18:39:23 IST" name="getcheckboxCount" finished-at="2021-11-17T18:39:23 IST" duration-ms="21" status="PASS">
          <reporter-output>
          </reporter-output>
        </test-method> <!-- getcheckboxCount -->
        <test-method signature="pageTitleVerifyTest()[pri:0, instance:academy.practiceproject.MainPage@bd4dc25]" started-at="2021-11-17T18:39:23 IST" name="pageTitleVerifyTest" finished-at="2021-11-17T18:39:23 IST" duration-ms="9" status="PASS">
          <reporter-output>
          </reporter-output>
        </test-method> <!-- pageTitleVerifyTest -->
        <test-method signature="selectAllOption()[pri:0, instance:academy.practiceproject.MainPage@bd4dc25]" started-at="2021-11-17T18:39:23 IST" name="selectAllOption" finished-at="2021-11-17T18:39:24 IST" duration-ms="874" status="PASS">
          <reporter-output>
          </reporter-output>
        </test-method> <!-- selectAllOption -->
        <test-method signature="selectBMWRadionButton()[pri:0, instance:academy.practiceproject.MainPage@bd4dc25]" started-at="2021-11-17T18:39:24 IST" name="selectBMWRadionButton" finished-at="2021-11-17T18:39:24 IST" duration-ms="165" status="PASS">
          <reporter-output>
          </reporter-output>
        </test-method> <!-- selectBMWRadionButton -->
        <test-method signature="selectBenz()[pri:0, instance:academy.practiceproject.MainPage@bd4dc25]" started-at="2021-11-17T18:39:24 IST" name="selectBenz" finished-at="2021-11-17T18:39:24 IST" duration-ms="127" status="PASS">
          <reporter-output>
          </reporter-output>
        </test-method> <!-- selectBenz -->
        <test-method signature="selectBenzRadionButton()[pri:0, instance:academy.practiceproject.MainPage@bd4dc25]" started-at="2021-11-17T18:39:24 IST" name="selectBenzRadionButton" finished-at="2021-11-17T18:39:24 IST" duration-ms="142" status="PASS">
          <reporter-output>
          </reporter-output>
        </test-method> <!-- selectBenzRadionButton -->
        <test-method signature="selectBmw()[pri:0, instance:academy.practiceproject.MainPage@bd4dc25]" started-at="2021-11-17T18:39:24 IST" name="selectBmw" finished-at="2021-11-17T18:39:24 IST" duration-ms="113" status="PASS">
          <reporter-output>
          </reporter-output>
        </test-method> <!-- selectBmw -->
        <test-method signature="selectEachOption()[pri:0, instance:academy.practiceproject.MainPage@bd4dc25]" started-at="2021-11-17T18:39:24 IST" name="selectEachOption" finished-at="2021-11-17T18:39:25 IST" duration-ms="653" status="PASS">
          <reporter-output>
          </reporter-output>
        </test-method> <!-- selectEachOption -->
        <test-method signature="selectHondaRadionButton()[pri:0, instance:academy.practiceproject.MainPage@bd4dc25]" started-at="2021-11-17T18:39:25 IST" name="selectHondaRadionButton" finished-at="2021-11-17T18:39:25 IST" duration-ms="147" status="PASS">
          <reporter-output>
          </reporter-output>
        </test-method> <!-- selectHondaRadionButton -->
        <test-method signature="selecthonda()[pri:0, instance:academy.practiceproject.MainPage@bd4dc25]" started-at="2021-11-17T18:39:25 IST" name="selecthonda" finished-at="2021-11-17T18:39:25 IST" duration-ms="112" status="PASS">
          <reporter-output>
          </reporter-output>
        </test-method> <!-- selecthonda -->
        <test-method signature="switchToAlert()[pri:0, instance:academy.practiceproject.MainPage@bd4dc25]" started-at="2021-11-17T18:39:25 IST" name="switchToAlert" finished-at="2021-11-17T18:39:25 IST" duration-ms="362" status="PASS">
          <reporter-output>
          </reporter-output>
        </test-method> <!-- switchToAlert -->
        <test-method signature="uncheckAllCheckbox()[pri:0, instance:academy.practiceproject.MainPage@bd4dc25]" started-at="2021-11-17T18:39:25 IST" name="uncheckAllCheckbox" finished-at="2021-11-17T18:39:26 IST" duration-ms="300" status="PASS">
          <reporter-output>
          </reporter-output>
        </test-method> <!-- uncheckAllCheckbox -->
        <test-method signature="verifyRadioButtonLabels()[pri:0, instance:academy.practiceproject.MainPage@bd4dc25]" started-at="2021-11-17T18:39:26 IST" name="verifyRadioButtonLabels" finished-at="2021-11-17T18:39:26 IST" duration-ms="124" status="PASS">
          <reporter-output>
          </reporter-output>
        </test-method> <!-- verifyRadioButtonLabels -->
        <test-method signature="verifyUrl()[pri:0, instance:academy.practiceproject.MainPage@bd4dc25]" started-at="2021-11-17T18:39:26 IST" name="verifyUrl" finished-at="2021-11-17T18:39:26 IST" duration-ms="8" status="PASS">
          <reporter-output>
          </reporter-output>
        </test-method> <!-- verifyUrl -->
        <test-method signature="zcloseOpenedTab()[pri:0, instance:academy.practiceproject.MainPage@bd4dc25]" started-at="2021-11-17T18:39:26 IST" name="zcloseOpenedTab" finished-at="2021-11-17T18:39:26 IST" duration-ms="202" status="PASS">
          <reporter-output>
          </reporter-output>
        </test-method> <!-- zcloseOpenedTab -->
        <test-method is-config="true" signature="close()[pri:0, instance:academy.practiceproject.MainPage@bd4dc25]" started-at="2021-11-17T18:39:26 IST" name="close" finished-at="2021-11-17T18:39:26 IST" duration-ms="47" status="PASS">
          <reporter-output>
          </reporter-output>
        </test-method> <!-- close -->
      </class> <!-- academy.practiceproject.MainPage -->
    </test> <!-- Test -->
  </suite> <!-- Suite -->
</testng-results>
